Log file opened on Wed Dec  4 16:11:42 2019
Host: node467.cm.cluster  pid: 82780  rank ID: 0  number of ranks:  1
                      :-) GROMACS - gmx mdrun, 2018.4 (-:

                            GROMACS is written by:
     Emile Apol      Rossen Apostolov      Paul Bauer     Herman J.C. Berendsen
    Par Bjelkmar    Aldert van Buuren   Rudi van Drunen     Anton Feenstra  
  Gerrit Groenhof    Aleksei Iupinov   Christoph Junghans   Anca Hamuraru   
 Vincent Hindriksen Dimitrios Karkoulis    Peter Kasson        Jiri Kraus    
  Carsten Kutzner      Per Larsson      Justin A. Lemkul    Viveca Lindahl  
  Magnus Lundborg   Pieter Meulenhoff    Erik Marklund      Teemu Murtola   
    Szilard Pall       Sander Pronk      Roland Schulz     Alexey Shvetsov  
   Michael Shirts     Alfons Sijbers     Peter Tieleman    Teemu Virolainen 
 Christian Wennberg    Maarten Wolf   
                           and the project leaders:
        Mark Abraham, Berk Hess, Erik Lindahl, and David van der Spoel

Copyright (c) 1991-2000, University of Groningen, The Netherlands.
Copyright (c) 2001-2017, The GROMACS development team at
Uppsala University, Stockholm University and
the Royal Institute of Technology, Sweden.
check out http://www.gromacs.org for more information.

GROMACS is free software; you can redistribute it and/or modify it
under the terms of the GNU Lesser General Public License
as published by the Free Software Foundation; either version 2.1
of the License, or (at your option) any later version.

GROMACS:      gmx mdrun, version 2018.4
Executable:   /home/aplatham2/Programs/gromacs-2018.4/bin/gmx_mpi
Data prefix:  /home/aplatham2/Programs/gromacs-2018.4
Working dir:  /nobackup1b/users/aplatham2/MOFF_IDP_Example2/test_nocutnb
Command line:
  gmx_mpi mdrun -deffnm prod_0 -table table_MOFF.xvg

GROMACS version:    2018.4
Precision:          single
Memory model:       64 bit
MPI library:        MPI
OpenMP support:     enabled (GMX_OPENMP_MAX_THREADS = 64)
GPU support:        disabled
SIMD instructions:  AVX2_256
FFT library:        fftw-3.3.8-sse2-avx-avx2-avx2_128
RDTSCP usage:       enabled
TNG support:        enabled
Hwloc support:      hwloc-1.7
Tracing support:    disabled
Built on:           2018-12-21 00:53:11
Built by:           aplatham2@eofe7.cm.cluster [CMAKE]
Build OS/arch:      Linux 3.10.0-229.el7.x86_64 x86_64
Build CPU vendor:   Intel
Build CPU brand:    Intel(R) Xeon(R) CPU E5-2650 v3 @ 2.30GHz
Build CPU family:   6   Model: 63   Stepping: 2
Build CPU features: aes apic avx avx2 clfsh cmov cx8 cx16 f16c fma htt intel lahf mmx msr nonstop_tsc pcid pclmuldq pdcm pdpe1gb popcnt pse rdrnd rdtscp sse2 sse3 sse4.1 sse4.2 ssse3 tdt x2apic
C compiler:         /cm/shared/engaging/openmpi/2.0.3/bin/mpicc GNU 4.8.4
C compiler flags:    -march=core-avx2     -O3 -DNDEBUG -funroll-all-loops -fexcess-precision=fast  
C++ compiler:       /cm/shared/engaging/openmpi/2.0.3/bin/mpic++ GNU 4.8.4
C++ compiler flags:  -march=core-avx2    -std=c++11   -O3 -DNDEBUG -funroll-all-loops -fexcess-precision=fast  


Running on 1 node with total 28 cores, 28 logical cores
Hardware detected on host node467.cm.cluster (the node of MPI rank 0):
  CPU info:
    Vendor: Intel
    Brand:  Intel(R) Xeon(R) CPU E5-2690 v4 @ 2.60GHz
    Family: 6   Model: 79   Stepping: 1
    Features: aes apic avx avx2 clfsh cmov cx8 cx16 f16c fma hle htt intel lahf mmx msr nonstop_tsc pcid pclmuldq pdcm pdpe1gb popcnt pse rdrnd rdtscp rtm sse2 sse3 sse4.1 sse4.2 ssse3 tdt x2apic
  Hardware topology: Only logical processor count


++++ PLEASE READ AND CITE THE FOLLOWING REFERENCE ++++
M. J. Abraham, T. Murtola, R. Schulz, S. Páll, J. C. Smith, B. Hess, E.
Lindahl
GROMACS: High performance molecular simulations through multi-level
parallelism from laptops to supercomputers
SoftwareX 1 (2015) pp. 19-25
-------- -------- --- Thank You --- -------- --------


++++ PLEASE READ AND CITE THE FOLLOWING REFERENCE ++++
S. Páll, M. J. Abraham, C. Kutzner, B. Hess, E. Lindahl
Tackling Exascale Software Challenges in Molecular Dynamics Simulations with
GROMACS
In S. Markidis & E. Laure (Eds.), Solving Software Challenges for Exascale 8759 (2015) pp. 3-27
-------- -------- --- Thank You --- -------- --------


++++ PLEASE READ AND CITE THE FOLLOWING REFERENCE ++++
S. Pronk, S. Páll, R. Schulz, P. Larsson, P. Bjelkmar, R. Apostolov, M. R.
Shirts, J. C. Smith, P. M. Kasson, D. van der Spoel, B. Hess, and E. Lindahl
GROMACS 4.5: a high-throughput and highly parallel open source molecular
simulation toolkit
Bioinformatics 29 (2013) pp. 845-54
-------- -------- --- Thank You --- -------- --------


++++ PLEASE READ AND CITE THE FOLLOWING REFERENCE ++++
B. Hess and C. Kutzner and D. van der Spoel and E. Lindahl
GROMACS 4: Algorithms for highly efficient, load-balanced, and scalable
molecular simulation
J. Chem. Theory Comput. 4 (2008) pp. 435-447
-------- -------- --- Thank You --- -------- --------


++++ PLEASE READ AND CITE THE FOLLOWING REFERENCE ++++
D. van der Spoel, E. Lindahl, B. Hess, G. Groenhof, A. E. Mark and H. J. C.
Berendsen
GROMACS: Fast, Flexible and Free
J. Comp. Chem. 26 (2005) pp. 1701-1719
-------- -------- --- Thank You --- -------- --------


++++ PLEASE READ AND CITE THE FOLLOWING REFERENCE ++++
E. Lindahl and B. Hess and D. van der Spoel
GROMACS 3.0: A package for molecular simulation and trajectory analysis
J. Mol. Mod. 7 (2001) pp. 306-317
-------- -------- --- Thank You --- -------- --------


++++ PLEASE READ AND CITE THE FOLLOWING REFERENCE ++++
H. J. C. Berendsen, D. van der Spoel and R. van Drunen
GROMACS: A message-passing parallel molecular dynamics implementation
Comp. Phys. Comm. 91 (1995) pp. 43-56
-------- -------- --- Thank You --- -------- --------

Input Parameters:
   integrator                     = sd
   tinit                          = 0
   dt                             = 0.01
   nsteps                         = 400000
   init-step                      = 0
   simulation-part                = 1
   comm-mode                      = Linear
   nstcomm                        = 100
   bd-fric                        = 0
   ld-seed                        = 2397
   emtol                          = 10
   emstep                         = 0.01
   niter                          = 20
   fcstep                         = 0
   nstcgsteep                     = 1000
   nbfgscorr                      = 10
   rtpi                           = 0.05
   nstxout                        = 20000
   nstvout                        = 20000
   nstfout                        = 0
   nstlog                         = 20000
   nstcalcenergy                  = 100
   nstenergy                      = 2000
   nstxout-compressed             = 2000
   compressed-x-precision         = 1000
   cutoff-scheme                  = Group
   nstlist                        = 20
   ns-type                        = Grid
   pbc                            = xyz
   periodic-molecules             = false
   verlet-buffer-tolerance        = 0.005
   rlist                          = 2
   coulombtype                    = User
   coulomb-modifier               = None
   rcoulomb-switch                = 0
   rcoulomb                       = 1
   epsilon-r                      = 1
   epsilon-rf                     = inf
   vdw-type                       = User
   vdw-modifier                   = None
   rvdw-switch                    = 1.5
   rvdw                           = 2
   DispCorr                       = No
   table-extension                = 10
   fourierspacing                 = 0.12
   fourier-nx                     = 0
   fourier-ny                     = 0
   fourier-nz                     = 0
   pme-order                      = 4
   ewald-rtol                     = 1e-05
   ewald-rtol-lj                  = 0.001
   lj-pme-comb-rule               = Geometric
   ewald-geometry                 = 0
   epsilon-surface                = 0
   implicit-solvent               = No
   gb-algorithm                   = Still
   nstgbradii                     = 1
   rgbradii                       = 1
   gb-epsilon-solvent             = 80
   gb-saltconc                    = 0
   gb-obc-alpha                   = 1
   gb-obc-beta                    = 0.8
   gb-obc-gamma                   = 4.85
   gb-dielectric-offset           = 0.009
   sa-algorithm                   = Ace-approximation
   sa-surface-tension             = 2.05016
   tcoupl                         = No
   nsttcouple                     = -1
   nh-chain-length                = 0
   print-nose-hoover-chain-variables = false
   pcoupl                         = No
   pcoupltype                     = Isotropic
   nstpcouple                     = -1
   tau-p                          = 1
   compressibility (3x3):
      compressibility[    0]={ 0.00000e+00,  0.00000e+00,  0.00000e+00}
      compressibility[    1]={ 0.00000e+00,  0.00000e+00,  0.00000e+00}
      compressibility[    2]={ 0.00000e+00,  0.00000e+00,  0.00000e+00}
   ref-p (3x3):
      ref-p[    0]={ 0.00000e+00,  0.00000e+00,  0.00000e+00}
      ref-p[    1]={ 0.00000e+00,  0.00000e+00,  0.00000e+00}
      ref-p[    2]={ 0.00000e+00,  0.00000e+00,  0.00000e+00}
   refcoord-scaling               = No
   posres-com (3):
      posres-com[0]= 0.00000e+00
      posres-com[1]= 0.00000e+00
      posres-com[2]= 0.00000e+00
   posres-comB (3):
      posres-comB[0]= 0.00000e+00
      posres-comB[1]= 0.00000e+00
      posres-comB[2]= 0.00000e+00
   QMMM                           = false
   QMconstraints                  = 0
   QMMMscheme                     = 0
   MMChargeScaleFactor            = 1
qm-opts:
   ngQM                           = 0
   constraint-algorithm           = Lincs
   continuation                   = false
   Shake-SOR                      = false
   shake-tol                      = 0.0001
   lincs-order                    = 4
   lincs-iter                     = 1
   lincs-warnangle                = 30
   nwall                          = 0
   wall-type                      = 9-3
   wall-r-linpot                  = -1
   wall-atomtype[0]               = -1
   wall-atomtype[1]               = -1
   wall-density[0]                = 0
   wall-density[1]                = 0
   wall-ewald-zfac                = 3
   pull                           = false
   awh                            = false
   rotation                       = false
   interactiveMD                  = false
   disre                          = No
   disre-weighting                = Conservative
   disre-mixed                    = false
   dr-fc                          = 1000
   dr-tau                         = 0
   nstdisreout                    = 100
   orire-fc                       = 0
   orire-tau                      = 0
   nstorireout                    = 100
   free-energy                    = no
   cos-acceleration               = 0
   deform (3x3):
      deform[    0]={ 0.00000e+00,  0.00000e+00,  0.00000e+00}
      deform[    1]={ 0.00000e+00,  0.00000e+00,  0.00000e+00}
      deform[    2]={ 0.00000e+00,  0.00000e+00,  0.00000e+00}
   simulated-tempering            = false
   swapcoords                     = no
   userint1                       = 0
   userint2                       = 0
   userint3                       = 0
   userint4                       = 0
   userreal1                      = 0
   userreal2                      = 0
   userreal3                      = 0
   userreal4                      = 0
   applied-forces:
     electric-field:
       x:
         E0                       = 0
         omega                    = 0
         t0                       = 0
         sigma                    = 0
       y:
         E0                       = 0
         omega                    = 0
         t0                       = 0
         sigma                    = 0
       z:
         E0                       = 0
         omega                    = 0
         t0                       = 0
         sigma                    = 0
grpopts:
   nrdf:         552
   ref-t:         300
   tau-t:           1
annealing:          No
annealing-npoints:           0
   acc:	           0           0           0
   nfreeze:           N           N           N
   energygrp-flags[  0]: 0

Using 1 MPI process


Non-default thread affinity set probably by the OpenMP library,
disabling internal thread affinity

NOTE: This file uses the deprecated 'group' cutoff_scheme. This will be
removed in a future release when 'verlet' supports all interaction forms.

System total charge: 1.500
Potential shift: LJ r^-12: 0.000e+00 r^-6: 0.000e+00
Table routines are used for coulomb: true
Table routines are used for vdw:     true
Cut-off's:   NS: 2   Coulomb: 1   LJ: 2
Read user tables from table_MOFF.xvg with 7500 data points.
Tabscale = 500 points/nm

WARNING: For the 740 non-zero entries for table 0 in table_MOFF.xvg the forces deviate on average 45% from minus the numerical derivative of the potential


Removing pbc first time

Intra-simulation communication will occur every 20 steps.
Center of mass motion removal mode is Linear
We have the following groups for center of mass motion removal:
  0:  rest

++++ PLEASE READ AND CITE THE FOLLOWING REFERENCE ++++
N. Goga and A. J. Rzepiela and A. H. de Vries and S. J. Marrink and H. J. C.
Berendsen
Efficient Algorithms for Langevin and DPD Dynamics
J. Chem. Theory Comput. 8 (2012) pp. 3637--3649
-------- -------- --- Thank You --- -------- --------

There are: 185 Atoms
Initial temperature: 301.398 K

Started mdrun on rank 0 Wed Dec  4 16:11:42 2019
           Step           Time
              0        0.00000


Grid: 10 x 10 x 10 cells
   Energies (kJ/mol)
           Bond        LJ (SR)   Coulomb (SR)      Potential    Kinetic En.
    1.47768e-01    2.70490e+02    8.05490e-02    2.70718e+02    6.94647e+02
   Total Energy    Temperature Pressure (bar)
    9.65366e+02    3.02706e+02    1.96700e+00

           Step           Time
          20000      200.00000

   Energies (kJ/mol)
           Bond        LJ (SR)   Coulomb (SR)      Potential    Kinetic En.
    3.15525e+02    5.72692e+01    3.01007e-01    3.73095e+02    6.63744e+02
   Total Energy    Temperature Pressure (bar)
    1.03684e+03    2.89239e+02    7.23927e-02

           Step           Time
          40000      400.00000

   Energies (kJ/mol)
           Bond        LJ (SR)   Coulomb (SR)      Potential    Kinetic En.
    2.38333e+02    3.42210e+01    1.25399e-01    2.72679e+02    6.97796e+02
   Total Energy    Temperature Pressure (bar)
    9.70475e+02    3.04078e+02    1.27239e-01

           Step           Time
          60000      600.00000

   Energies (kJ/mol)
           Bond        LJ (SR)   Coulomb (SR)      Potential    Kinetic En.
    2.50046e+02    4.80980e+01    4.44296e-02    2.98188e+02    6.50903e+02
   Total Energy    Temperature Pressure (bar)
    9.49092e+02    2.83644e+02    1.37293e-01

           Step           Time
          80000      800.00000

   Energies (kJ/mol)
           Bond        LJ (SR)   Coulomb (SR)      Potential    Kinetic En.
    2.35639e+02    4.81275e+01    2.51223e-01    2.84018e+02    6.42602e+02
   Total Energy    Temperature Pressure (bar)
    9.26619e+02    2.80026e+02   -1.32261e-02

           Step           Time
         100000     1000.00000

   Energies (kJ/mol)
           Bond        LJ (SR)   Coulomb (SR)      Potential    Kinetic En.
    2.72867e+02    5.13133e+01    6.02296e-02    3.24240e+02    7.21265e+02
   Total Energy    Temperature Pressure (bar)
    1.04551e+03    3.14305e+02   -5.37878e-02

           Step           Time
         120000     1200.00000

   Energies (kJ/mol)
           Bond        LJ (SR)   Coulomb (SR)      Potential    Kinetic En.
    2.70582e+02    5.05727e+01    2.11873e-01    3.21366e+02    7.49883e+02
   Total Energy    Temperature Pressure (bar)
    1.07125e+03    3.26776e+02    2.71910e-01

           Step           Time
         140000     1400.00000

   Energies (kJ/mol)
           Bond        LJ (SR)   Coulomb (SR)      Potential    Kinetic En.
    3.10598e+02    5.82983e+01    1.04557e-01    3.69001e+02    6.23767e+02
   Total Energy    Temperature Pressure (bar)
    9.92768e+02    2.71819e+02   -4.20671e-01

           Step           Time
         160000     1600.00000

   Energies (kJ/mol)
           Bond        LJ (SR)   Coulomb (SR)      Potential    Kinetic En.
    2.04812e+02    4.42979e+01    3.63299e-01    2.49474e+02    6.91288e+02
   Total Energy    Temperature Pressure (bar)
    9.40762e+02    3.01242e+02    1.61709e-01

           Step           Time
         180000     1800.00000

   Energies (kJ/mol)
           Bond        LJ (SR)   Coulomb (SR)      Potential    Kinetic En.
    2.29614e+02    6.13507e+01    1.05319e-01    2.91070e+02    6.13415e+02
   Total Energy    Temperature Pressure (bar)
    9.04485e+02    2.67308e+02    1.57179e-01

           Step           Time
         200000     2000.00000

   Energies (kJ/mol)
           Bond        LJ (SR)   Coulomb (SR)      Potential    Kinetic En.
    2.86265e+02    3.36192e+01    9.05782e-02    3.19974e+02    6.73376e+02
   Total Energy    Temperature Pressure (bar)
    9.93350e+02    2.93436e+02   -3.67373e-01

           Step           Time
         220000     2200.00000

   Energies (kJ/mol)
           Bond        LJ (SR)   Coulomb (SR)      Potential    Kinetic En.
    2.26604e+02    6.35808e+01    7.06140e-02    2.90256e+02    6.39350e+02
   Total Energy    Temperature Pressure (bar)
    9.29606e+02    2.78609e+02   -2.38442e-01

           Step           Time
         240000     2400.00000

   Energies (kJ/mol)
           Bond        LJ (SR)   Coulomb (SR)      Potential    Kinetic En.
    2.30909e+02    6.56554e+01    1.20658e-02    2.96576e+02    7.23780e+02
   Total Energy    Temperature Pressure (bar)
    1.02036e+03    3.15401e+02    3.31012e-01

           Step           Time
         260000     2600.00000

   Energies (kJ/mol)
           Bond        LJ (SR)   Coulomb (SR)      Potential    Kinetic En.
    2.83976e+02    4.38286e+01    6.40760e-02    3.27869e+02    6.78113e+02
   Total Energy    Temperature Pressure (bar)
    1.00598e+03    2.95501e+02    1.87440e-01

           Step           Time
         280000     2800.00000

   Energies (kJ/mol)
           Bond        LJ (SR)   Coulomb (SR)      Potential    Kinetic En.
    2.14908e+02    4.67694e+01    9.13752e-02    2.61769e+02    7.68937e+02
   Total Energy    Temperature Pressure (bar)
    1.03071e+03    3.35079e+02    5.35360e-01

           Step           Time
         300000     3000.00000

   Energies (kJ/mol)
           Bond        LJ (SR)   Coulomb (SR)      Potential    Kinetic En.
    2.32087e+02    3.36465e+01    6.85728e-02    2.65802e+02    7.97415e+02
   Total Energy    Temperature Pressure (bar)
    1.06322e+03    3.47489e+02   -8.90263e-03

           Step           Time
         320000     3200.00000

   Energies (kJ/mol)
           Bond        LJ (SR)   Coulomb (SR)      Potential    Kinetic En.
    2.82731e+02    3.41551e+01    1.92620e-01    3.17079e+02    7.28120e+02
   Total Energy    Temperature Pressure (bar)
    1.04520e+03    3.17293e+02   -2.19336e-01

           Step           Time
         340000     3400.00000

   Energies (kJ/mol)
           Bond        LJ (SR)   Coulomb (SR)      Potential    Kinetic En.
    2.50489e+02    1.62580e+01    1.41710e-01    2.66888e+02    6.73905e+02
   Total Energy    Temperature Pressure (bar)
    9.40793e+02    2.93667e+02    1.34895e-01

           Step           Time
         360000     3600.00000

   Energies (kJ/mol)
           Bond        LJ (SR)   Coulomb (SR)      Potential    Kinetic En.
    1.87879e+02    4.92394e+01    4.35565e-02    2.37162e+02    7.30687e+02
   Total Energy    Temperature Pressure (bar)
    9.67850e+02    3.18411e+02    1.79410e-01

           Step           Time
         380000     3800.00000

   Energies (kJ/mol)
           Bond        LJ (SR)   Coulomb (SR)      Potential    Kinetic En.
    2.72843e+02    2.80449e+01    2.40580e-01    3.01128e+02    7.20519e+02
   Total Energy    Temperature Pressure (bar)
    1.02165e+03    3.13980e+02    9.75229e-03

           Step           Time
         400000     4000.00000

Writing checkpoint, step 400000 at Wed Dec  4 16:12:01 2019


   Energies (kJ/mol)
           Bond        LJ (SR)   Coulomb (SR)      Potential    Kinetic En.
    2.35019e+02    4.85752e+01    1.31983e-01    2.83726e+02    7.45190e+02
   Total Energy    Temperature Pressure (bar)
    1.02892e+03    3.24731e+02    3.64169e-01

	<======  ###############  ==>
	<====  A V E R A G E S  ====>
	<==  ###############  ======>

	Statistics over 400001 steps using 4001 frames

   Energies (kJ/mol)
           Bond        LJ (SR)   Coulomb (SR)      Potential    Kinetic En.
    2.47197e+02    4.43769e+01    1.26794e-01    2.91701e+02    6.91578e+02
   Total Energy    Temperature Pressure (bar)
    9.83279e+02    3.01369e+02    1.35214e-02

   Total Virial (kJ/mol)
    2.25102e+02   -8.13009e-01   -2.70750e-01
   -8.13001e-01    2.27432e+02   -1.32833e+00
   -2.70749e-01   -1.32833e+00    2.29274e+02

   Pressure (bar)
    2.20484e-02    3.41017e-03    2.88763e-03
    3.41014e-03    1.24620e-02    7.05122e-03
    2.88762e-03    7.05124e-03    6.05393e-03


	M E G A - F L O P S   A C C O U N T I N G

 NB=Group-cutoff nonbonded kernels    NxN=N-by-N cluster Verlet kernels
 RF=Reaction-Field  VdW=Van der Waals  QSTab=quadratic-spline table
 W3=SPC/TIP3p  W4=TIP4p (single or pairs)
 V&F=Potential and force  V=Potential only  F=Force only

 Computing:                               M-Number         M-Flops  % Flops
-----------------------------------------------------------------------------
 NB VdW [V&F]                           676.020387         676.020     1.0
 NB VdW [F]                           57512.224984       57512.225    86.2
 NB VdW & Elec. [V&F]                     4.809202           4.809     0.0
 NB VdW & Elec. [F]                     398.376000         398.376     0.6
 NS-Pairs                               124.585418        2616.294     3.9
 Reset In Box                             3.700185          11.101     0.0
 Shift-X                                148.000370         888.002     1.3
 CG-CoM                                   3.700185          11.101     0.0
 Bonds                                   73.600184        4342.411     6.5
 Virial                                   0.920230          16.564     0.0
 Stop-CM                                  0.740370           7.404     0.0
 Calc-Ekin                                7.400370         199.810     0.3
-----------------------------------------------------------------------------
 Total                                                   66684.116   100.0
-----------------------------------------------------------------------------


     R E A L   C Y C L E   A N D   T I M E   A C C O U N T I N G

On 1 MPI rank

 Computing:          Num   Num      Call    Wall time         Giga-Cycles
                     Ranks Threads  Count      (s)         total sum    %
-----------------------------------------------------------------------------
 Neighbor search        1    1      20001       3.395          8.817  17.3
 Force                  1    1     400001      12.155         31.567  62.0
 Write traj.            1    1        201       0.156          0.404   0.8
 Update                 1    1     400001       3.377          8.770  17.2
 Rest                                           0.522          1.355   2.7
-----------------------------------------------------------------------------
 Total                                         19.604         50.914 100.0
-----------------------------------------------------------------------------

               Core t (s)   Wall t (s)        (%)
       Time:       19.604       19.604      100.0
                 (ns/day)    (hour/ns)
Performance:    17628.923        0.001
Finished mdrun on rank 0 Wed Dec  4 16:12:01 2019
