Log file opened on Fri Oct 25 16:05:56 2019
Host: eofe7.cm.cluster  pid: 57690  rank ID: 0  number of ranks:  1
                      :-) GROMACS - gmx mdrun, 2018.4 (-:

                            GROMACS is written by:
     Emile Apol      Rossen Apostolov      Paul Bauer     Herman J.C. Berendsen
    Par Bjelkmar    Aldert van Buuren   Rudi van Drunen     Anton Feenstra  
  Gerrit Groenhof    Aleksei Iupinov   Christoph Junghans   Anca Hamuraru   
 Vincent Hindriksen Dimitrios Karkoulis    Peter Kasson        Jiri Kraus    
  Carsten Kutzner      Per Larsson      Justin A. Lemkul    Viveca Lindahl  
  Magnus Lundborg   Pieter Meulenhoff    Erik Marklund      Teemu Murtola   
    Szilard Pall       Sander Pronk      Roland Schulz     Alexey Shvetsov  
   Michael Shirts     Alfons Sijbers     Peter Tieleman    Teemu Virolainen 
 Christian Wennberg    Maarten Wolf   
                           and the project leaders:
        Mark Abraham, Berk Hess, Erik Lindahl, and David van der Spoel

Copyright (c) 1991-2000, University of Groningen, The Netherlands.
Copyright (c) 2001-2017, The GROMACS development team at
Uppsala University, Stockholm University and
the Royal Institute of Technology, Sweden.
check out http://www.gromacs.org for more information.

GROMACS is free software; you can redistribute it and/or modify it
under the terms of the GNU Lesser General Public License
as published by the Free Software Foundation; either version 2.1
of the License, or (at your option) any later version.

GROMACS:      gmx mdrun, version 2018.4
Executable:   /home/aplatham2/Programs/gromacs-2018.4/bin/gmx_mpi
Data prefix:  /home/aplatham2/Programs/gromacs-2018.4
Working dir:  /nobackup1b/users/aplatham2/MOFF_IDP_Example
Command line:
  gmx_mpi mdrun -deffnm min -table table_MOFF.xvg

GROMACS version:    2018.4
Precision:          single
Memory model:       64 bit
MPI library:        MPI
OpenMP support:     enabled (GMX_OPENMP_MAX_THREADS = 64)
GPU support:        disabled
SIMD instructions:  AVX2_256
FFT library:        fftw-3.3.8-sse2-avx-avx2-avx2_128
RDTSCP usage:       enabled
TNG support:        enabled
Hwloc support:      hwloc-1.7
Tracing support:    disabled
Built on:           2018-12-21 00:53:11
Built by:           aplatham2@eofe7.cm.cluster [CMAKE]
Build OS/arch:      Linux 3.10.0-229.el7.x86_64 x86_64
Build CPU vendor:   Intel
Build CPU brand:    Intel(R) Xeon(R) CPU E5-2650 v3 @ 2.30GHz
Build CPU family:   6   Model: 63   Stepping: 2
Build CPU features: aes apic avx avx2 clfsh cmov cx8 cx16 f16c fma htt intel lahf mmx msr nonstop_tsc pcid pclmuldq pdcm pdpe1gb popcnt pse rdrnd rdtscp sse2 sse3 sse4.1 sse4.2 ssse3 tdt x2apic
C compiler:         /cm/shared/engaging/openmpi/2.0.3/bin/mpicc GNU 4.8.4
C compiler flags:    -march=core-avx2     -O3 -DNDEBUG -funroll-all-loops -fexcess-precision=fast  
C++ compiler:       /cm/shared/engaging/openmpi/2.0.3/bin/mpic++ GNU 4.8.4
C++ compiler flags:  -march=core-avx2    -std=c++11   -O3 -DNDEBUG -funroll-all-loops -fexcess-precision=fast  


Running on 1 node with total 20 cores, 20 logical cores
Hardware detected on host eofe7.cm.cluster (the node of MPI rank 0):
  CPU info:
    Vendor: Intel
    Brand:  Intel(R) Xeon(R) CPU E5-2650 v3 @ 2.30GHz
    Family: 6   Model: 63   Stepping: 2
    Features: aes apic avx avx2 clfsh cmov cx8 cx16 f16c fma htt intel lahf mmx msr nonstop_tsc pcid pclmuldq pdcm pdpe1gb popcnt pse rdrnd rdtscp sse2 sse3 sse4.1 sse4.2 ssse3 tdt x2apic
  Hardware topology: Full, with devices
    Sockets, cores, and logical processors:
      Socket  0: [   0] [   2] [   4] [   6] [   8] [  10] [  12] [  14] [  16] [  18]
      Socket  1: [   1] [   3] [   5] [   7] [   9] [  11] [  13] [  15] [  17] [  19]
    Numa nodes:
      Node  0 (68618063872 bytes mem):   0   2   4   6   8  10  12  14  16  18
      Node  1 (68719476736 bytes mem):   1   3   5   7   9  11  13  15  17  19
      Latency:
               0     1
         0  1.00  2.10
         1  2.10  1.00
    Caches:
      L1: 32768 bytes, linesize 64 bytes, assoc. 8, shared 1 ways
      L2: 262144 bytes, linesize 64 bytes, assoc. 8, shared 1 ways
      L3: 26214400 bytes, linesize 64 bytes, assoc. 20, shared 10 ways
    PCI devices:
      0000:03:00.0  Id: 1000:005d  Class: 0x0104  Numa: 0
      0000:04:00.0  Id: 1924:0803  Class: 0x0200  Numa: 0
      0000:04:00.1  Id: 1924:0803  Class: 0x0200  Numa: 0
      0000:02:00.0  Id: 14e4:165f  Class: 0x0200  Numa: 0
      0000:02:00.1  Id: 14e4:165f  Class: 0x0200  Numa: 0
      0000:01:00.0  Id: 14e4:165f  Class: 0x0200  Numa: 0
      0000:01:00.1  Id: 14e4:165f  Class: 0x0200  Numa: 0
      0000:00:11.4  Id: 8086:8d62  Class: 0x0106  Numa: 0
      0000:09:00.0  Id: 102b:0534  Class: 0x0300  Numa: 0
      0000:00:1f.2  Id: 8086:8d02  Class: 0x0106  Numa: 0
      0000:81:00.0  Id: 15b3:1003  Class: 0x0280  Numa: 1


++++ PLEASE READ AND CITE THE FOLLOWING REFERENCE ++++
M. J. Abraham, T. Murtola, R. Schulz, S. Páll, J. C. Smith, B. Hess, E.
Lindahl
GROMACS: High performance molecular simulations through multi-level
parallelism from laptops to supercomputers
SoftwareX 1 (2015) pp. 19-25
-------- -------- --- Thank You --- -------- --------


++++ PLEASE READ AND CITE THE FOLLOWING REFERENCE ++++
S. Páll, M. J. Abraham, C. Kutzner, B. Hess, E. Lindahl
Tackling Exascale Software Challenges in Molecular Dynamics Simulations with
GROMACS
In S. Markidis & E. Laure (Eds.), Solving Software Challenges for Exascale 8759 (2015) pp. 3-27
-------- -------- --- Thank You --- -------- --------


++++ PLEASE READ AND CITE THE FOLLOWING REFERENCE ++++
S. Pronk, S. Páll, R. Schulz, P. Larsson, P. Bjelkmar, R. Apostolov, M. R.
Shirts, J. C. Smith, P. M. Kasson, D. van der Spoel, B. Hess, and E. Lindahl
GROMACS 4.5: a high-throughput and highly parallel open source molecular
simulation toolkit
Bioinformatics 29 (2013) pp. 845-54
-------- -------- --- Thank You --- -------- --------


++++ PLEASE READ AND CITE THE FOLLOWING REFERENCE ++++
B. Hess and C. Kutzner and D. van der Spoel and E. Lindahl
GROMACS 4: Algorithms for highly efficient, load-balanced, and scalable
molecular simulation
J. Chem. Theory Comput. 4 (2008) pp. 435-447
-------- -------- --- Thank You --- -------- --------


++++ PLEASE READ AND CITE THE FOLLOWING REFERENCE ++++
D. van der Spoel, E. Lindahl, B. Hess, G. Groenhof, A. E. Mark and H. J. C.
Berendsen
GROMACS: Fast, Flexible and Free
J. Comp. Chem. 26 (2005) pp. 1701-1719
-------- -------- --- Thank You --- -------- --------


++++ PLEASE READ AND CITE THE FOLLOWING REFERENCE ++++
E. Lindahl and B. Hess and D. van der Spoel
GROMACS 3.0: A package for molecular simulation and trajectory analysis
J. Mol. Mod. 7 (2001) pp. 306-317
-------- -------- --- Thank You --- -------- --------


++++ PLEASE READ AND CITE THE FOLLOWING REFERENCE ++++
H. J. C. Berendsen, D. van der Spoel and R. van Drunen
GROMACS: A message-passing parallel molecular dynamics implementation
Comp. Phys. Comm. 91 (1995) pp. 43-56
-------- -------- --- Thank You --- -------- --------

Input Parameters:
   integrator                     = steep
   tinit                          = 0
   dt                             = 0.001
   nsteps                         = 10000
   init-step                      = 0
   simulation-part                = 1
   comm-mode                      = Angular
   nstcomm                        = 100
   bd-fric                        = 0
   ld-seed                        = 1146583612
   emtol                          = 10
   emstep                         = 20
   niter                          = 20
   fcstep                         = 0
   nstcgsteep                     = 1000
   nbfgscorr                      = 10
   rtpi                           = 0.05
   nstxout                        = 0
   nstvout                        = 0
   nstfout                        = 0
   nstlog                         = 1000
   nstcalcenergy                  = 100
   nstenergy                      = 100
   nstxout-compressed             = 100
   compressed-x-precision         = 1000
   cutoff-scheme                  = Group
   nstlist                        = 20
   ns-type                        = Grid
   pbc                            = no
   periodic-molecules             = false
   verlet-buffer-tolerance        = 0.005
   rlist                          = 3
   coulombtype                    = User
   coulomb-modifier               = None
   rcoulomb-switch                = 0
   rcoulomb                       = 1
   epsilon-r                      = 1
   epsilon-rf                     = inf
   vdw-type                       = User
   vdw-modifier                   = None
   rvdw-switch                    = 0
   rvdw                           = 3
   DispCorr                       = No
   table-extension                = 10
   fourierspacing                 = 0.12
   fourier-nx                     = 0
   fourier-ny                     = 0
   fourier-nz                     = 0
   pme-order                      = 4
   ewald-rtol                     = 1e-05
   ewald-rtol-lj                  = 0.001
   lj-pme-comb-rule               = Geometric
   ewald-geometry                 = 0
   epsilon-surface                = 0
   implicit-solvent               = No
   gb-algorithm                   = Still
   nstgbradii                     = 1
   rgbradii                       = 1
   gb-epsilon-solvent             = 80
   gb-saltconc                    = 0
   gb-obc-alpha                   = 1
   gb-obc-beta                    = 0.8
   gb-obc-gamma                   = 4.85
   gb-dielectric-offset           = 0.009
   sa-algorithm                   = Ace-approximation
   sa-surface-tension             = 2.05016
   tcoupl                         = No
   nsttcouple                     = -1
   nh-chain-length                = 0
   print-nose-hoover-chain-variables = false
   pcoupl                         = No
   pcoupltype                     = Isotropic
   nstpcouple                     = -1
   tau-p                          = 1
   compressibility (3x3):
      compressibility[    0]={ 0.00000e+00,  0.00000e+00,  0.00000e+00}
      compressibility[    1]={ 0.00000e+00,  0.00000e+00,  0.00000e+00}
      compressibility[    2]={ 0.00000e+00,  0.00000e+00,  0.00000e+00}
   ref-p (3x3):
      ref-p[    0]={ 0.00000e+00,  0.00000e+00,  0.00000e+00}
      ref-p[    1]={ 0.00000e+00,  0.00000e+00,  0.00000e+00}
      ref-p[    2]={ 0.00000e+00,  0.00000e+00,  0.00000e+00}
   refcoord-scaling               = No
   posres-com (3):
      posres-com[0]= 0.00000e+00
      posres-com[1]= 0.00000e+00
      posres-com[2]= 0.00000e+00
   posres-comB (3):
      posres-comB[0]= 0.00000e+00
      posres-comB[1]= 0.00000e+00
      posres-comB[2]= 0.00000e+00
   QMMM                           = false
   QMconstraints                  = 0
   QMMMscheme                     = 0
   MMChargeScaleFactor            = 1
qm-opts:
   ngQM                           = 0
   constraint-algorithm           = Lincs
   continuation                   = false
   Shake-SOR                      = false
   shake-tol                      = 0.0001
   lincs-order                    = 4
   lincs-iter                     = 1
   lincs-warnangle                = 30
   nwall                          = 0
   wall-type                      = 9-3
   wall-r-linpot                  = -1
   wall-atomtype[0]               = -1
   wall-atomtype[1]               = -1
   wall-density[0]                = 0
   wall-density[1]                = 0
   wall-ewald-zfac                = 3
   pull                           = false
   awh                            = false
   rotation                       = false
   interactiveMD                  = false
   disre                          = No
   disre-weighting                = Conservative
   disre-mixed                    = false
   dr-fc                          = 1000
   dr-tau                         = 0
   nstdisreout                    = 100
   orire-fc                       = 0
   orire-tau                      = 0
   nstorireout                    = 100
   free-energy                    = no
   cos-acceleration               = 0
   deform (3x3):
      deform[    0]={ 0.00000e+00,  0.00000e+00,  0.00000e+00}
      deform[    1]={ 0.00000e+00,  0.00000e+00,  0.00000e+00}
      deform[    2]={ 0.00000e+00,  0.00000e+00,  0.00000e+00}
   simulated-tempering            = false
   swapcoords                     = no
   userint1                       = 0
   userint2                       = 0
   userint3                       = 0
   userint4                       = 0
   userreal1                      = 0
   userreal2                      = 0
   userreal3                      = 0
   userreal4                      = 0
   applied-forces:
     electric-field:
       x:
         E0                       = 0
         omega                    = 0
         t0                       = 0
         sigma                    = 0
       y:
         E0                       = 0
         omega                    = 0
         t0                       = 0
         sigma                    = 0
       z:
         E0                       = 0
         omega                    = 0
         t0                       = 0
         sigma                    = 0
grpopts:
   nrdf:         549
   ref-t:           0
   tau-t:           0
annealing:          No
annealing-npoints:           0
   acc:	           0           0           0
   nfreeze:           N           N           N
   energygrp-flags[  0]: 0

Using 1 MPI process

Pinning threads with an auto-selected logical core stride of 1

NOTE: This file uses the deprecated 'group' cutoff_scheme. This will be
removed in a future release when 'verlet' supports all interaction forms.

System total charge: 1.500
Potential shift: LJ r^-12: 0.000e+00 r^-6: 0.000e+00
Table routines are used for coulomb: true
Table routines are used for vdw:     true
Cut-off's:   NS: 3   Coulomb: 1   LJ: 3
Read user tables from table_MOFF.xvg with 7501 data points.
Tabscale = 500 points/nm

Initiating Steepest Descents
Started Steepest Descents on rank 0 Fri Oct 25 16:05:57 2019

Steepest Descents:
   Tolerance (Fmax)   =  1.00000e+01
   Number of steps    =        10000

Grid: 5 x 3 x 2 cells
           Step           Time
              0        0.00000

   Energies (kJ/mol)
           Bond        LJ (SR)   Coulomb (SR)      Potential Pressure (bar)
    9.07844e+00    2.66726e+02    6.74607e-02    2.75872e+02    0.00000e+00

Grid: 4 x 4 x 4 cells
           Step           Time
              1        1.00000

           Step           Time
              2        2.00000

           Step           Time
              3        3.00000

           Step           Time
              4        4.00000

           Step           Time
              5        5.00000

           Step           Time
              6        6.00000

           Step           Time
              7        7.00000

           Step           Time
              8        8.00000

   Energies (kJ/mol)
           Bond        LJ (SR)   Coulomb (SR)      Potential Pressure (bar)
    4.49238e+01    2.25603e+02    6.84664e-02    2.70596e+02    0.00000e+00

           Step           Time
              9        9.00000

           Step           Time
             10       10.00000

   Energies (kJ/mol)
           Bond        LJ (SR)   Coulomb (SR)      Potential Pressure (bar)
    6.83684e+00    2.19829e+02    6.83576e-02    2.26734e+02    0.00000e+00

           Step           Time
             11       11.00000

           Step           Time
             12       12.00000

   Energies (kJ/mol)
           Bond        LJ (SR)   Coulomb (SR)      Potential Pressure (bar)
    4.02721e+00    2.12130e+02    6.80473e-02    2.16226e+02    0.00000e+00

           Step           Time
             13       13.00000

           Step           Time
             14       14.00000

   Energies (kJ/mol)
           Bond        LJ (SR)   Coulomb (SR)      Potential Pressure (bar)
    5.96748e+00    2.04612e+02    6.78586e-02    2.10648e+02    0.00000e+00

           Step           Time
             15       15.00000

   Energies (kJ/mol)
           Bond        LJ (SR)   Coulomb (SR)      Potential Pressure (bar)
    7.47976e+00    1.98586e+02    6.76990e-02    2.06133e+02    0.00000e+00

           Step           Time
             16       16.00000

   Energies (kJ/mol)
           Bond        LJ (SR)   Coulomb (SR)      Potential Pressure (bar)
    7.67446e+00    1.94271e+02    6.76131e-02    2.02013e+02    0.00000e+00

           Step           Time
             17       17.00000

           Step           Time
             18       18.00000

   Energies (kJ/mol)
           Bond        LJ (SR)   Coulomb (SR)      Potential Pressure (bar)
    1.33283e+00    1.91631e+02    6.75385e-02    1.93032e+02    0.00000e+00

           Step           Time
             19       19.00000

   Energies (kJ/mol)
           Bond        LJ (SR)   Coulomb (SR)      Potential Pressure (bar)
    6.60917e+00    1.79605e+02    6.71919e-02    1.86281e+02    0.00000e+00

           Step           Time
             20       20.00000

   Energies (kJ/mol)
           Bond        LJ (SR)   Coulomb (SR)      Potential Pressure (bar)
    3.65464e+00    1.76783e+02    6.71102e-02    1.80504e+02    0.00000e+00

           Step           Time
             21       21.00000

           Step           Time
             22       22.00000

   Energies (kJ/mol)
           Bond        LJ (SR)   Coulomb (SR)      Potential Pressure (bar)
    1.44175e+00    1.74423e+02    6.70336e-02    1.75932e+02    0.00000e+00

           Step           Time
             23       23.00000

   Energies (kJ/mol)
           Bond        LJ (SR)   Coulomb (SR)      Potential Pressure (bar)
    6.03897e+00    1.67738e+02    6.68076e-02    1.73844e+02    0.00000e+00

           Step           Time
             24       24.00000

   Energies (kJ/mol)
           Bond        LJ (SR)   Coulomb (SR)      Potential Pressure (bar)
    2.16691e+00    1.65469e+02    6.67303e-02    1.67702e+02    0.00000e+00

           Step           Time
             25       25.00000

           Step           Time
             26       26.00000

   Energies (kJ/mol)
           Bond        LJ (SR)   Coulomb (SR)      Potential Pressure (bar)
    1.91023e+00    1.62827e+02    6.66330e-02    1.64804e+02    0.00000e+00

           Step           Time
             27       27.00000

   Energies (kJ/mol)
           Bond        LJ (SR)   Coulomb (SR)      Potential Pressure (bar)
    2.86808e+00    1.59558e+02    6.65134e-02    1.62492e+02    0.00000e+00

           Step           Time
             28       28.00000

   Energies (kJ/mol)
           Bond        LJ (SR)   Coulomb (SR)      Potential Pressure (bar)
    3.76913e+00    1.56755e+02    6.64023e-02    1.60591e+02    0.00000e+00

           Step           Time
             29       29.00000

   Energies (kJ/mol)
           Bond        LJ (SR)   Coulomb (SR)      Potential Pressure (bar)
    4.53860e+00    1.54011e+02    6.62978e-02    1.58616e+02    0.00000e+00

           Step           Time
             30       30.00000

           Step           Time
             31       31.00000

   Energies (kJ/mol)
           Bond        LJ (SR)   Coulomb (SR)      Potential Pressure (bar)
    1.02026e+00    1.52602e+02    6.62387e-02    1.53689e+02    0.00000e+00

           Step           Time
             32       32.00000

   Energies (kJ/mol)
           Bond        LJ (SR)   Coulomb (SR)      Potential Pressure (bar)
    4.23727e+00    1.45935e+02    6.59624e-02    1.50238e+02    0.00000e+00

           Step           Time
             33       33.00000

   Energies (kJ/mol)
           Bond        LJ (SR)   Coulomb (SR)      Potential Pressure (bar)
    3.94159e+00    1.43924e+02    6.58680e-02    1.47932e+02    0.00000e+00

           Step           Time
             34       34.00000

           Step           Time
             35       35.00000

   Energies (kJ/mol)
           Bond        LJ (SR)   Coulomb (SR)      Potential Pressure (bar)
    1.02058e+00    1.42589e+02    6.58114e-02    1.43675e+02    0.00000e+00

           Step           Time
             36       36.00000

   Energies (kJ/mol)
           Bond        LJ (SR)   Coulomb (SR)      Potential Pressure (bar)
    3.21670e+00    1.37326e+02    6.55640e-02    1.40609e+02    0.00000e+00

           Step           Time
             37       37.00000

   Energies (kJ/mol)
           Bond        LJ (SR)   Coulomb (SR)      Potential Pressure (bar)
    4.22715e+00    1.35180e+02    6.54638e-02    1.39473e+02    0.00000e+00

           Step           Time
             38       38.00000

           Step           Time
             39       39.00000

   Energies (kJ/mol)
           Bond        LJ (SR)   Coulomb (SR)      Potential Pressure (bar)
    1.02178e+00    1.34121e+02    6.54088e-02    1.35208e+02    0.00000e+00

           Step           Time
             40       40.00000

   Energies (kJ/mol)
           Bond        LJ (SR)   Coulomb (SR)      Potential Pressure (bar)
    3.53745e+00    1.29435e+02    6.51734e-02    1.33038e+02    0.00000e+00

           Step           Time
             41       41.00000

   Energies (kJ/mol)
           Bond        LJ (SR)   Coulomb (SR)      Potential Pressure (bar)
    1.72778e+00    1.28162e+02    6.51034e-02    1.29955e+02    0.00000e+00

           Step           Time
             42       42.00000

           Step           Time
             43       43.00000

   Energies (kJ/mol)
           Bond        LJ (SR)   Coulomb (SR)      Potential Pressure (bar)
    1.20056e+00    1.26823e+02    6.50334e-02    1.28088e+02    0.00000e+00

           Step           Time
             44       44.00000

   Energies (kJ/mol)
           Bond        LJ (SR)   Coulomb (SR)      Potential Pressure (bar)
    1.98872e+00    1.24485e+02    6.49049e-02    1.26539e+02    0.00000e+00

           Step           Time
             45       45.00000

   Energies (kJ/mol)
           Bond        LJ (SR)   Coulomb (SR)      Potential Pressure (bar)
    1.71281e+00    1.23011e+02    6.48243e-02    1.24789e+02    0.00000e+00

           Step           Time
             46       46.00000

   Energies (kJ/mol)
           Bond        LJ (SR)   Coulomb (SR)      Potential Pressure (bar)
    2.60982e+00    1.21153e+02    6.47179e-02    1.23827e+02    0.00000e+00

           Step           Time
             47       47.00000

   Energies (kJ/mol)
           Bond        LJ (SR)   Coulomb (SR)      Potential Pressure (bar)
    2.73560e+00    1.19626e+02    6.46307e-02    1.22426e+02    0.00000e+00

           Step           Time
             48       48.00000

   Energies (kJ/mol)
           Bond        LJ (SR)   Coulomb (SR)      Potential Pressure (bar)
    3.88564e+00    1.17985e+02    6.45333e-02    1.21935e+02    0.00000e+00

           Step           Time
             49       49.00000

   Energies (kJ/mol)
           Bond        LJ (SR)   Coulomb (SR)      Potential Pressure (bar)
    4.77913e+00    1.16474e+02    6.44426e-02    1.21317e+02    0.00000e+00

           Step           Time
             50       50.00000

           Step           Time
             51       51.00000

   Energies (kJ/mol)
           Bond        LJ (SR)   Coulomb (SR)      Potential Pressure (bar)
    9.43761e-01    1.15713e+02    6.43962e-02    1.16722e+02    0.00000e+00

           Step           Time
             52       52.00000

   Energies (kJ/mol)
           Bond        LJ (SR)   Coulomb (SR)      Potential Pressure (bar)
    4.24386e+00    1.08875e+02    6.39567e-02    1.13183e+02    0.00000e+00

           Step           Time
             53       53.00000

   Energies (kJ/mol)
           Bond        LJ (SR)   Coulomb (SR)      Potential Pressure (bar)
    2.19431e+00    1.07881e+02    6.38905e-02    1.10139e+02    0.00000e+00

           Step           Time
             54       54.00000

           Step           Time
             55       55.00000

   Energies (kJ/mol)
           Bond        LJ (SR)   Coulomb (SR)      Potential Pressure (bar)
    1.31014e+00    1.07016e+02    6.38272e-02    1.08390e+02    0.00000e+00

           Step           Time
             56       56.00000

   Energies (kJ/mol)
           Bond        LJ (SR)   Coulomb (SR)      Potential Pressure (bar)
    3.04864e+00    1.05152e+02    6.36964e-02    1.08264e+02    0.00000e+00

           Step           Time
             57       57.00000

   Energies (kJ/mol)
           Bond        LJ (SR)   Coulomb (SR)      Potential Pressure (bar)
    2.04740e+00    1.04269e+02    6.36267e-02    1.06380e+02    0.00000e+00

           Step           Time
             58       58.00000

           Step           Time
             59       59.00000

   Energies (kJ/mol)
           Bond        LJ (SR)   Coulomb (SR)      Potential Pressure (bar)
    1.09785e+00    1.03488e+02    6.35712e-02    1.04649e+02    0.00000e+00

           Step           Time
             60       60.00000

   Energies (kJ/mol)
           Bond        LJ (SR)   Coulomb (SR)      Potential Pressure (bar)
    2.69802e+00    1.01398e+02    6.34079e-02    1.04159e+02    0.00000e+00

           Step           Time
             61       61.00000

   Energies (kJ/mol)
           Bond        LJ (SR)   Coulomb (SR)      Potential Pressure (bar)
    1.61369e+00    1.00532e+02    6.33451e-02    1.02209e+02    0.00000e+00

           Step           Time
             62       62.00000

           Step           Time
             63       63.00000

   Energies (kJ/mol)
           Bond        LJ (SR)   Coulomb (SR)      Potential Pressure (bar)
    1.10893e+00    9.98063e+01    6.32847e-02    1.00979e+02    0.00000e+00

           Step           Time
             64       64.00000

   Energies (kJ/mol)
           Bond        LJ (SR)   Coulomb (SR)      Potential Pressure (bar)
    2.10100e+00    9.81980e+01    6.31593e-02    1.00362e+02    0.00000e+00

           Step           Time
             65       65.00000

   Energies (kJ/mol)
           Bond        LJ (SR)   Coulomb (SR)      Potential Pressure (bar)
    1.52379e+00    9.74523e+01    6.30934e-02    9.90392e+01    0.00000e+00

           Step           Time
             66       66.00000

           Step           Time
             67       67.00000

   Energies (kJ/mol)
           Bond        LJ (SR)   Coulomb (SR)      Potential Pressure (bar)
    1.01117e+00    9.67811e+01    6.30409e-02    9.78553e+01    0.00000e+00

           Step           Time
             68       68.00000

   Energies (kJ/mol)
           Bond        LJ (SR)   Coulomb (SR)      Potential Pressure (bar)
    1.80332e+00    9.50668e+01    6.28937e-02    9.69330e+01    0.00000e+00

           Step           Time
             69       69.00000

   Energies (kJ/mol)
           Bond        LJ (SR)   Coulomb (SR)      Potential Pressure (bar)
    1.36583e+00    9.42921e+01    6.28322e-02    9.57208e+01    0.00000e+00

           Step           Time
             70       70.00000

   Energies (kJ/mol)
           Bond        LJ (SR)   Coulomb (SR)      Potential Pressure (bar)
    2.50354e+00    9.31399e+01    6.27279e-02    9.57062e+01    0.00000e+00

           Step           Time
             71       71.00000

   Energies (kJ/mol)
           Bond        LJ (SR)   Coulomb (SR)      Potential Pressure (bar)
    2.12962e+00    9.23114e+01    6.26624e-02    9.45037e+01    0.00000e+00

           Step           Time
             72       72.00000

           Step           Time
             73       73.00000

   Energies (kJ/mol)
           Bond        LJ (SR)   Coulomb (SR)      Potential Pressure (bar)
    9.90553e-01    9.18360e+01    6.26170e-02    9.28891e+01    0.00000e+00

           Step           Time
             74       74.00000

   Energies (kJ/mol)
           Bond        LJ (SR)   Coulomb (SR)      Potential Pressure (bar)
    2.57850e+00    8.99066e+01    6.24508e-02    9.25475e+01    0.00000e+00

           Step           Time
             75       75.00000

   Energies (kJ/mol)
           Bond        LJ (SR)   Coulomb (SR)      Potential Pressure (bar)
    1.49970e+00    8.93614e+01    6.23971e-02    9.09235e+01    0.00000e+00

           Step           Time
             76       76.00000

           Step           Time
             77       77.00000

   Energies (kJ/mol)
           Bond        LJ (SR)   Coulomb (SR)      Potential Pressure (bar)
    1.08593e+00    8.87537e+01    6.23465e-02    8.99020e+01    0.00000e+00

           Step           Time
             78       78.00000

   Energies (kJ/mol)
           Bond        LJ (SR)   Coulomb (SR)      Potential Pressure (bar)
    1.88092e+00    8.75962e+01    6.22393e-02    8.95394e+01    0.00000e+00

           Step           Time
             79       79.00000

   Energies (kJ/mol)
           Bond        LJ (SR)   Coulomb (SR)      Potential Pressure (bar)
    1.51597e+00    8.69194e+01    6.21836e-02    8.84976e+01    0.00000e+00

           Step           Time
             80       80.00000

           Step           Time
             81       81.00000

   Energies (kJ/mol)
           Bond        LJ (SR)   Coulomb (SR)      Potential Pressure (bar)
    9.56098e-01    8.64701e+01    6.21410e-02    8.74883e+01    0.00000e+00

           Step           Time
             82       82.00000

   Energies (kJ/mol)
           Bond        LJ (SR)   Coulomb (SR)      Potential Pressure (bar)
    1.68460e+00    8.50983e+01    6.20213e-02    8.68449e+01    0.00000e+00

           Step           Time
             83       83.00000

   Energies (kJ/mol)
           Bond        LJ (SR)   Coulomb (SR)      Potential Pressure (bar)
    1.33523e+00    8.45524e+01    6.19694e-02    8.59496e+01    0.00000e+00

           Step           Time
             84       84.00000

           Step           Time
             85       85.00000

   Energies (kJ/mol)
           Bond        LJ (SR)   Coulomb (SR)      Potential Pressure (bar)
    9.26393e-01    8.40915e+01    6.19311e-02    8.50798e+01    0.00000e+00

           Step           Time
             86       86.00000

   Energies (kJ/mol)
           Bond        LJ (SR)   Coulomb (SR)      Potential Pressure (bar)
    1.46501e+00    8.27335e+01    6.18089e-02    8.42603e+01    0.00000e+00

           Step           Time
             87       87.00000

   Energies (kJ/mol)
           Bond        LJ (SR)   Coulomb (SR)      Potential Pressure (bar)
    1.19793e+00    8.21648e+01    6.17630e-02    8.34245e+01    0.00000e+00

           Step           Time
             88       88.00000

   Energies (kJ/mol)
           Bond        LJ (SR)   Coulomb (SR)      Potential Pressure (bar)
    2.01693e+00    8.13244e+01    6.16871e-02    8.34030e+01    0.00000e+00

           Step           Time
             89       89.00000

   Energies (kJ/mol)
           Bond        LJ (SR)   Coulomb (SR)      Potential Pressure (bar)
    1.68666e+00    8.07286e+01    6.16409e-02    8.24769e+01    0.00000e+00

           Step           Time
             90       90.00000

           Step           Time
             91       91.00000

   Energies (kJ/mol)
           Bond        LJ (SR)   Coulomb (SR)      Potential Pressure (bar)
    9.40926e-01    8.03645e+01    6.16076e-02    8.13670e+01    0.00000e+00

           Step           Time
             92       92.00000

   Energies (kJ/mol)
           Bond        LJ (SR)   Coulomb (SR)      Potential Pressure (bar)
    1.92581e+00    7.91142e+01    6.15053e-02    8.11015e+01    0.00000e+00

           Step           Time
             93       93.00000

   Energies (kJ/mol)
           Bond        LJ (SR)   Coulomb (SR)      Potential Pressure (bar)
    1.37744e+00    7.86782e+01    6.14662e-02    8.01171e+01    0.00000e+00

           Step           Time
             94       94.00000

           Step           Time
             95       95.00000

   Energies (kJ/mol)
           Bond        LJ (SR)   Coulomb (SR)      Potential Pressure (bar)
    9.28699e-01    7.82672e+01    6.14353e-02    7.92574e+01    0.00000e+00

           Step           Time
             96       96.00000

   Energies (kJ/mol)
           Bond        LJ (SR)   Coulomb (SR)      Potential Pressure (bar)
    1.58906e+00    7.72057e+01    6.13472e-02    7.88561e+01    0.00000e+00

           Step           Time
             97       97.00000

   Energies (kJ/mol)
           Bond        LJ (SR)   Coulomb (SR)      Potential Pressure (bar)
    1.24118e+00    7.67131e+01    6.13121e-02    7.80156e+01    0.00000e+00

           Step           Time
             98       98.00000

           Step           Time
             99       99.00000

   Energies (kJ/mol)
           Bond        LJ (SR)   Coulomb (SR)      Potential Pressure (bar)
    8.92844e-01    7.63623e+01    6.12833e-02    7.73164e+01    0.00000e+00

           Step           Time
            100      100.00000

   Energies (kJ/mol)
           Bond        LJ (SR)   Coulomb (SR)      Potential Pressure (bar)
    1.39563e+00    7.53883e+01    6.12105e-02    7.68452e+01    0.00000e+00

           Step           Time
            101      101.00000

   Energies (kJ/mol)
           Bond        LJ (SR)   Coulomb (SR)      Potential Pressure (bar)
    1.13073e+00    7.49805e+01    6.11778e-02    7.61724e+01    0.00000e+00

           Step           Time
            102      102.00000

   Energies (kJ/mol)
           Bond        LJ (SR)   Coulomb (SR)      Potential Pressure (bar)
    1.83958e+00    7.42645e+01    6.11281e-02    7.61652e+01    0.00000e+00

           Step           Time
            103      103.00000

   Energies (kJ/mol)
           Bond        LJ (SR)   Coulomb (SR)      Potential Pressure (bar)
    1.65042e+00    7.38490e+01    6.10946e-02    7.55605e+01    0.00000e+00

           Step           Time
            104      104.00000

           Step           Time
            105      105.00000

   Energies (kJ/mol)
           Bond        LJ (SR)   Coulomb (SR)      Potential Pressure (bar)
    8.63887e-01    7.35215e+01    6.10735e-02    7.44464e+01    0.00000e+00

           Step           Time
            106      106.00000

   Energies (kJ/mol)
           Bond        LJ (SR)   Coulomb (SR)      Potential Pressure (bar)
    1.80738e+00    7.22788e+01    6.09828e-02    7.41471e+01    0.00000e+00

           Step           Time
            107      107.00000

   Energies (kJ/mol)
           Bond        LJ (SR)   Coulomb (SR)      Potential Pressure (bar)
    1.27160e+00    7.18577e+01    6.09583e-02    7.31902e+01    0.00000e+00

           Step           Time
            108      108.00000

           Step           Time
            109      109.00000

   Energies (kJ/mol)
           Bond        LJ (SR)   Coulomb (SR)      Potential Pressure (bar)
    8.85528e-01    7.15560e+01    6.09367e-02    7.25025e+01    0.00000e+00

           Step           Time
            110      110.00000

   Energies (kJ/mol)
           Bond        LJ (SR)   Coulomb (SR)      Potential Pressure (bar)
    1.54276e+00    7.07144e+01    6.08832e-02    7.23180e+01    0.00000e+00

           Step           Time
            111      111.00000

   Energies (kJ/mol)
           Bond        LJ (SR)   Coulomb (SR)      Potential Pressure (bar)
    1.12560e+00    7.03876e+01    6.08602e-02    7.15740e+01    0.00000e+00

           Step           Time
            112      112.00000

           Step           Time
            113      113.00000

   Energies (kJ/mol)
           Bond        LJ (SR)   Coulomb (SR)      Potential Pressure (bar)
    8.73032e-01    7.00509e+01    6.08403e-02    7.09848e+01    0.00000e+00

           Step           Time
            114      114.00000

   Energies (kJ/mol)
           Bond        LJ (SR)   Coulomb (SR)      Potential Pressure (bar)
    1.23316e+00    6.93685e+01    6.07960e-02    7.06625e+01    0.00000e+00

           Step           Time
            115      115.00000

   Energies (kJ/mol)
           Bond        LJ (SR)   Coulomb (SR)      Potential Pressure (bar)
    1.15773e+00    6.89518e+01    6.07728e-02    7.01703e+01    0.00000e+00

           Step           Time
            116      116.00000

   Energies (kJ/mol)
           Bond        LJ (SR)   Coulomb (SR)      Potential Pressure (bar)
    1.54519e+00    6.84918e+01    6.07429e-02    7.00977e+01    0.00000e+00

           Step           Time
            117      117.00000

   Energies (kJ/mol)
           Bond        LJ (SR)   Coulomb (SR)      Potential Pressure (bar)
    1.79978e+00    6.80250e+01    6.07181e-02    6.98855e+01    0.00000e+00

           Step           Time
            118      118.00000

           Step           Time
            119      119.00000

   Energies (kJ/mol)
           Bond        LJ (SR)   Coulomb (SR)      Potential Pressure (bar)
    7.77191e-01    6.78362e+01    6.07056e-02    6.86741e+01    0.00000e+00


Steepest Descents converged to Fmax < 10 in 120 steps
Potential Energy  =  6.8674110e+01
Maximum force     =  5.1152563e+00 on atom 92
Norm of force     =  2.0458619e+00
Finished mdrun on rank 0 Fri Oct 25 16:05:57 2019
