Log file opened on Fri Oct 25 16:06:46 2019
Host: eofe7.cm.cluster  pid: 60572  rank ID: 0  number of ranks:  1
                      :-) GROMACS - gmx mdrun, 2018.4 (-:

                            GROMACS is written by:
     Emile Apol      Rossen Apostolov      Paul Bauer     Herman J.C. Berendsen
    Par Bjelkmar    Aldert van Buuren   Rudi van Drunen     Anton Feenstra  
  Gerrit Groenhof    Aleksei Iupinov   Christoph Junghans   Anca Hamuraru   
 Vincent Hindriksen Dimitrios Karkoulis    Peter Kasson        Jiri Kraus    
  Carsten Kutzner      Per Larsson      Justin A. Lemkul    Viveca Lindahl  
  Magnus Lundborg   Pieter Meulenhoff    Erik Marklund      Teemu Murtola   
    Szilard Pall       Sander Pronk      Roland Schulz     Alexey Shvetsov  
   Michael Shirts     Alfons Sijbers     Peter Tieleman    Teemu Virolainen 
 Christian Wennberg    Maarten Wolf   
                           and the project leaders:
        Mark Abraham, Berk Hess, Erik Lindahl, and David van der Spoel

Copyright (c) 1991-2000, University of Groningen, The Netherlands.
Copyright (c) 2001-2017, The GROMACS development team at
Uppsala University, Stockholm University and
the Royal Institute of Technology, Sweden.
check out http://www.gromacs.org for more information.

GROMACS is free software; you can redistribute it and/or modify it
under the terms of the GNU Lesser General Public License
as published by the Free Software Foundation; either version 2.1
of the License, or (at your option) any later version.

GROMACS:      gmx mdrun, version 2018.4
Executable:   /home/aplatham2/Programs/gromacs-2018.4/bin/gmx_mpi
Data prefix:  /home/aplatham2/Programs/gromacs-2018.4
Working dir:  /nobackup1b/users/aplatham2/MOFF_IDP_Example
Command line:
  gmx_mpi mdrun -deffnm prod_0 -table table_MOFF.xvg -v

GROMACS version:    2018.4
Precision:          single
Memory model:       64 bit
MPI library:        MPI
OpenMP support:     enabled (GMX_OPENMP_MAX_THREADS = 64)
GPU support:        disabled
SIMD instructions:  AVX2_256
FFT library:        fftw-3.3.8-sse2-avx-avx2-avx2_128
RDTSCP usage:       enabled
TNG support:        enabled
Hwloc support:      hwloc-1.7
Tracing support:    disabled
Built on:           2018-12-21 00:53:11
Built by:           aplatham2@eofe7.cm.cluster [CMAKE]
Build OS/arch:      Linux 3.10.0-229.el7.x86_64 x86_64
Build CPU vendor:   Intel
Build CPU brand:    Intel(R) Xeon(R) CPU E5-2650 v3 @ 2.30GHz
Build CPU family:   6   Model: 63   Stepping: 2
Build CPU features: aes apic avx avx2 clfsh cmov cx8 cx16 f16c fma htt intel lahf mmx msr nonstop_tsc pcid pclmuldq pdcm pdpe1gb popcnt pse rdrnd rdtscp sse2 sse3 sse4.1 sse4.2 ssse3 tdt x2apic
C compiler:         /cm/shared/engaging/openmpi/2.0.3/bin/mpicc GNU 4.8.4
C compiler flags:    -march=core-avx2     -O3 -DNDEBUG -funroll-all-loops -fexcess-precision=fast  
C++ compiler:       /cm/shared/engaging/openmpi/2.0.3/bin/mpic++ GNU 4.8.4
C++ compiler flags:  -march=core-avx2    -std=c++11   -O3 -DNDEBUG -funroll-all-loops -fexcess-precision=fast  


Running on 1 node with total 20 cores, 20 logical cores
Hardware detected on host eofe7.cm.cluster (the node of MPI rank 0):
  CPU info:
    Vendor: Intel
    Brand:  Intel(R) Xeon(R) CPU E5-2650 v3 @ 2.30GHz
    Family: 6   Model: 63   Stepping: 2
    Features: aes apic avx avx2 clfsh cmov cx8 cx16 f16c fma htt intel lahf mmx msr nonstop_tsc pcid pclmuldq pdcm pdpe1gb popcnt pse rdrnd rdtscp sse2 sse3 sse4.1 sse4.2 ssse3 tdt x2apic
  Hardware topology: Full, with devices
    Sockets, cores, and logical processors:
      Socket  0: [   0] [   2] [   4] [   6] [   8] [  10] [  12] [  14] [  16] [  18]
      Socket  1: [   1] [   3] [   5] [   7] [   9] [  11] [  13] [  15] [  17] [  19]
    Numa nodes:
      Node  0 (68618063872 bytes mem):   0   2   4   6   8  10  12  14  16  18
      Node  1 (68719476736 bytes mem):   1   3   5   7   9  11  13  15  17  19
      Latency:
               0     1
         0  1.00  2.10
         1  2.10  1.00
    Caches:
      L1: 32768 bytes, linesize 64 bytes, assoc. 8, shared 1 ways
      L2: 262144 bytes, linesize 64 bytes, assoc. 8, shared 1 ways
      L3: 26214400 bytes, linesize 64 bytes, assoc. 20, shared 10 ways
    PCI devices:
      0000:03:00.0  Id: 1000:005d  Class: 0x0104  Numa: 0
      0000:04:00.0  Id: 1924:0803  Class: 0x0200  Numa: 0
      0000:04:00.1  Id: 1924:0803  Class: 0x0200  Numa: 0
      0000:02:00.0  Id: 14e4:165f  Class: 0x0200  Numa: 0
      0000:02:00.1  Id: 14e4:165f  Class: 0x0200  Numa: 0
      0000:01:00.0  Id: 14e4:165f  Class: 0x0200  Numa: 0
      0000:01:00.1  Id: 14e4:165f  Class: 0x0200  Numa: 0
      0000:00:11.4  Id: 8086:8d62  Class: 0x0106  Numa: 0
      0000:09:00.0  Id: 102b:0534  Class: 0x0300  Numa: 0
      0000:00:1f.2  Id: 8086:8d02  Class: 0x0106  Numa: 0
      0000:81:00.0  Id: 15b3:1003  Class: 0x0280  Numa: 1


++++ PLEASE READ AND CITE THE FOLLOWING REFERENCE ++++
M. J. Abraham, T. Murtola, R. Schulz, S. Páll, J. C. Smith, B. Hess, E.
Lindahl
GROMACS: High performance molecular simulations through multi-level
parallelism from laptops to supercomputers
SoftwareX 1 (2015) pp. 19-25
-------- -------- --- Thank You --- -------- --------


++++ PLEASE READ AND CITE THE FOLLOWING REFERENCE ++++
S. Páll, M. J. Abraham, C. Kutzner, B. Hess, E. Lindahl
Tackling Exascale Software Challenges in Molecular Dynamics Simulations with
GROMACS
In S. Markidis & E. Laure (Eds.), Solving Software Challenges for Exascale 8759 (2015) pp. 3-27
-------- -------- --- Thank You --- -------- --------


++++ PLEASE READ AND CITE THE FOLLOWING REFERENCE ++++
S. Pronk, S. Páll, R. Schulz, P. Larsson, P. Bjelkmar, R. Apostolov, M. R.
Shirts, J. C. Smith, P. M. Kasson, D. van der Spoel, B. Hess, and E. Lindahl
GROMACS 4.5: a high-throughput and highly parallel open source molecular
simulation toolkit
Bioinformatics 29 (2013) pp. 845-54
-------- -------- --- Thank You --- -------- --------


++++ PLEASE READ AND CITE THE FOLLOWING REFERENCE ++++
B. Hess and C. Kutzner and D. van der Spoel and E. Lindahl
GROMACS 4: Algorithms for highly efficient, load-balanced, and scalable
molecular simulation
J. Chem. Theory Comput. 4 (2008) pp. 435-447
-------- -------- --- Thank You --- -------- --------


++++ PLEASE READ AND CITE THE FOLLOWING REFERENCE ++++
D. van der Spoel, E. Lindahl, B. Hess, G. Groenhof, A. E. Mark and H. J. C.
Berendsen
GROMACS: Fast, Flexible and Free
J. Comp. Chem. 26 (2005) pp. 1701-1719
-------- -------- --- Thank You --- -------- --------


++++ PLEASE READ AND CITE THE FOLLOWING REFERENCE ++++
E. Lindahl and B. Hess and D. van der Spoel
GROMACS 3.0: A package for molecular simulation and trajectory analysis
J. Mol. Mod. 7 (2001) pp. 306-317
-------- -------- --- Thank You --- -------- --------


++++ PLEASE READ AND CITE THE FOLLOWING REFERENCE ++++
H. J. C. Berendsen, D. van der Spoel and R. van Drunen
GROMACS: A message-passing parallel molecular dynamics implementation
Comp. Phys. Comm. 91 (1995) pp. 43-56
-------- -------- --- Thank You --- -------- --------

Input Parameters:
   integrator                     = sd
   tinit                          = 0
   dt                             = 0.01
   nsteps                         = 400000
   init-step                      = 0
   simulation-part                = 1
   comm-mode                      = Linear
   nstcomm                        = 100
   bd-fric                        = 0
   ld-seed                        = 2397
   emtol                          = 10
   emstep                         = 0.01
   niter                          = 20
   fcstep                         = 0
   nstcgsteep                     = 1000
   nbfgscorr                      = 10
   rtpi                           = 0.05
   nstxout                        = 20000
   nstvout                        = 20000
   nstfout                        = 0
   nstlog                         = 20000
   nstcalcenergy                  = 100
   nstenergy                      = 2000
   nstxout-compressed             = 2000
   compressed-x-precision         = 1000
   cutoff-scheme                  = Group
   nstlist                        = 20
   ns-type                        = Grid
   pbc                            = xyz
   periodic-molecules             = false
   verlet-buffer-tolerance        = 0.005
   rlist                          = 2
   coulombtype                    = User
   coulomb-modifier               = None
   rcoulomb-switch                = 0
   rcoulomb                       = 1
   epsilon-r                      = 1
   epsilon-rf                     = inf
   vdw-type                       = User
   vdw-modifier                   = None
   rvdw-switch                    = 1.5
   rvdw                           = 2
   DispCorr                       = No
   table-extension                = 10
   fourierspacing                 = 0.12
   fourier-nx                     = 0
   fourier-ny                     = 0
   fourier-nz                     = 0
   pme-order                      = 4
   ewald-rtol                     = 1e-05
   ewald-rtol-lj                  = 0.001
   lj-pme-comb-rule               = Geometric
   ewald-geometry                 = 0
   epsilon-surface                = 0
   implicit-solvent               = No
   gb-algorithm                   = Still
   nstgbradii                     = 1
   rgbradii                       = 1
   gb-epsilon-solvent             = 80
   gb-saltconc                    = 0
   gb-obc-alpha                   = 1
   gb-obc-beta                    = 0.8
   gb-obc-gamma                   = 4.85
   gb-dielectric-offset           = 0.009
   sa-algorithm                   = Ace-approximation
   sa-surface-tension             = 2.05016
   tcoupl                         = No
   nsttcouple                     = -1
   nh-chain-length                = 0
   print-nose-hoover-chain-variables = false
   pcoupl                         = No
   pcoupltype                     = Isotropic
   nstpcouple                     = -1
   tau-p                          = 1
   compressibility (3x3):
      compressibility[    0]={ 0.00000e+00,  0.00000e+00,  0.00000e+00}
      compressibility[    1]={ 0.00000e+00,  0.00000e+00,  0.00000e+00}
      compressibility[    2]={ 0.00000e+00,  0.00000e+00,  0.00000e+00}
   ref-p (3x3):
      ref-p[    0]={ 0.00000e+00,  0.00000e+00,  0.00000e+00}
      ref-p[    1]={ 0.00000e+00,  0.00000e+00,  0.00000e+00}
      ref-p[    2]={ 0.00000e+00,  0.00000e+00,  0.00000e+00}
   refcoord-scaling               = No
   posres-com (3):
      posres-com[0]= 0.00000e+00
      posres-com[1]= 0.00000e+00
      posres-com[2]= 0.00000e+00
   posres-comB (3):
      posres-comB[0]= 0.00000e+00
      posres-comB[1]= 0.00000e+00
      posres-comB[2]= 0.00000e+00
   QMMM                           = false
   QMconstraints                  = 0
   QMMMscheme                     = 0
   MMChargeScaleFactor            = 1
qm-opts:
   ngQM                           = 0
   constraint-algorithm           = Lincs
   continuation                   = false
   Shake-SOR                      = false
   shake-tol                      = 0.0001
   lincs-order                    = 4
   lincs-iter                     = 1
   lincs-warnangle                = 30
   nwall                          = 0
   wall-type                      = 9-3
   wall-r-linpot                  = -1
   wall-atomtype[0]               = -1
   wall-atomtype[1]               = -1
   wall-density[0]                = 0
   wall-density[1]                = 0
   wall-ewald-zfac                = 3
   pull                           = false
   awh                            = false
   rotation                       = false
   interactiveMD                  = false
   disre                          = No
   disre-weighting                = Conservative
   disre-mixed                    = false
   dr-fc                          = 1000
   dr-tau                         = 0
   nstdisreout                    = 100
   orire-fc                       = 0
   orire-tau                      = 0
   nstorireout                    = 100
   free-energy                    = no
   cos-acceleration               = 0
   deform (3x3):
      deform[    0]={ 0.00000e+00,  0.00000e+00,  0.00000e+00}
      deform[    1]={ 0.00000e+00,  0.00000e+00,  0.00000e+00}
      deform[    2]={ 0.00000e+00,  0.00000e+00,  0.00000e+00}
   simulated-tempering            = false
   swapcoords                     = no
   userint1                       = 0
   userint2                       = 0
   userint3                       = 0
   userint4                       = 0
   userreal1                      = 0
   userreal2                      = 0
   userreal3                      = 0
   userreal4                      = 0
   applied-forces:
     electric-field:
       x:
         E0                       = 0
         omega                    = 0
         t0                       = 0
         sigma                    = 0
       y:
         E0                       = 0
         omega                    = 0
         t0                       = 0
         sigma                    = 0
       z:
         E0                       = 0
         omega                    = 0
         t0                       = 0
         sigma                    = 0
grpopts:
   nrdf:         552
   ref-t:         300
   tau-t:           1
annealing:          No
annealing-npoints:           0
   acc:	           0           0           0
   nfreeze:           N           N           N
   energygrp-flags[  0]: 0

Using 1 MPI process

Pinning threads with an auto-selected logical core stride of 1

NOTE: This file uses the deprecated 'group' cutoff_scheme. This will be
removed in a future release when 'verlet' supports all interaction forms.

System total charge: 1.500
Potential shift: LJ r^-12: 0.000e+00 r^-6: 0.000e+00
Table routines are used for coulomb: true
Table routines are used for vdw:     true
Cut-off's:   NS: 2   Coulomb: 1   LJ: 2
Read user tables from table_MOFF.xvg with 7501 data points.
Tabscale = 500 points/nm

Removing pbc first time
Intra-simulation communication will occur every 20 steps.
Center of mass motion removal mode is Linear
We have the following groups for center of mass motion removal:
  0:  rest

++++ PLEASE READ AND CITE THE FOLLOWING REFERENCE ++++
N. Goga and A. J. Rzepiela and A. H. de Vries and S. J. Marrink and H. J. C.
Berendsen
Efficient Algorithms for Langevin and DPD Dynamics
J. Chem. Theory Comput. 8 (2012) pp. 3637--3649
-------- -------- --- Thank You --- -------- --------

There are: 185 Atoms
Initial temperature: 301.398 K

Started mdrun on rank 0 Fri Oct 25 16:06:46 2019
           Step           Time
              0        0.00000


Grid: 10 x 10 x 10 cells
   Energies (kJ/mol)
           Bond        LJ (SR)   Coulomb (SR)      Potential    Kinetic En.
    7.77761e-01    6.78415e+01    6.07470e-02    6.86800e+01    6.94823e+02
   Total Energy    Temperature Pressure (bar)
    7.63503e+02    3.02783e+02    1.15590e+00

           Step           Time
          20000      200.00000

   Energies (kJ/mol)
           Bond        LJ (SR)   Coulomb (SR)      Potential    Kinetic En.
    3.30321e+02    7.22024e+01    2.65754e-01    4.02790e+02    6.23119e+02
   Total Energy    Temperature Pressure (bar)
    1.02591e+03    2.71536e+02   -7.68703e-03

           Step           Time
          40000      400.00000

   Energies (kJ/mol)
           Bond        LJ (SR)   Coulomb (SR)      Potential    Kinetic En.
    2.31987e+02    3.32383e+01    1.34030e-01    2.65360e+02    6.97612e+02
   Total Energy    Temperature Pressure (bar)
    9.62972e+02    3.03998e+02    2.70993e-02

           Step           Time
          60000      600.00000

   Energies (kJ/mol)
           Bond        LJ (SR)   Coulomb (SR)      Potential    Kinetic En.
    2.47122e+02    4.40219e+01    5.42449e-02    2.91199e+02    6.47167e+02
   Total Energy    Temperature Pressure (bar)
    9.38366e+02    2.82016e+02    1.94265e-01

           Step           Time
          80000      800.00000

   Energies (kJ/mol)
           Bond        LJ (SR)   Coulomb (SR)      Potential    Kinetic En.
    2.35275e+02    4.99604e+01    2.48826e-01    2.85485e+02    6.40083e+02
   Total Energy    Temperature Pressure (bar)
    9.25567e+02    2.78928e+02    9.04371e-02

           Step           Time
         100000     1000.00000

   Energies (kJ/mol)
           Bond        LJ (SR)   Coulomb (SR)      Potential    Kinetic En.
    2.63452e+02    5.03781e+01    7.37620e-02    3.13904e+02    7.36938e+02
   Total Energy    Temperature Pressure (bar)
    1.05084e+03    3.21135e+02   -2.49001e-02

           Step           Time
         120000     1200.00000

   Energies (kJ/mol)
           Bond        LJ (SR)   Coulomb (SR)      Potential    Kinetic En.
    2.67403e+02    5.14584e+01    1.76519e-01    3.19038e+02    6.98191e+02
   Total Energy    Temperature Pressure (bar)
    1.01723e+03    3.04250e+02    1.20290e-01

           Step           Time
         140000     1400.00000

   Energies (kJ/mol)
           Bond        LJ (SR)   Coulomb (SR)      Potential    Kinetic En.
    3.13365e+02    5.42104e+01    5.62453e-02    3.67631e+02    6.56860e+02
   Total Energy    Temperature Pressure (bar)
    1.02449e+03    2.86240e+02   -9.17211e-02

           Step           Time
         160000     1600.00000

   Energies (kJ/mol)
           Bond        LJ (SR)   Coulomb (SR)      Potential    Kinetic En.
    2.39136e+02    5.13527e+01    3.35781e-01    2.90824e+02    6.99105e+02
   Total Energy    Temperature Pressure (bar)
    9.89930e+02    3.04649e+02    3.65346e-02

           Step           Time
         180000     1800.00000

   Energies (kJ/mol)
           Bond        LJ (SR)   Coulomb (SR)      Potential    Kinetic En.
    2.41695e+02    5.08244e+01    1.47177e-01    2.92667e+02    5.99548e+02
   Total Energy    Temperature Pressure (bar)
    8.92215e+02    2.61265e+02   -6.25514e-02

           Step           Time
         200000     2000.00000

   Energies (kJ/mol)
           Bond        LJ (SR)   Coulomb (SR)      Potential    Kinetic En.
    2.91067e+02    4.24001e+01    8.95565e-02    3.33557e+02    6.79476e+02
   Total Energy    Temperature Pressure (bar)
    1.01303e+03    2.96095e+02   -5.03927e-01

           Step           Time
         220000     2200.00000

   Energies (kJ/mol)
           Bond        LJ (SR)   Coulomb (SR)      Potential    Kinetic En.
    2.42207e+02    5.94802e+01    4.66866e-02    3.01734e+02    6.36158e+02
   Total Energy    Temperature Pressure (bar)
    9.37891e+02    2.77218e+02   -1.07637e-01

           Step           Time
         240000     2400.00000

   Energies (kJ/mol)
           Bond        LJ (SR)   Coulomb (SR)      Potential    Kinetic En.
    2.52492e+02    6.37046e+01    8.30369e-03    3.16205e+02    7.63555e+02
   Total Energy    Temperature Pressure (bar)
    1.07976e+03    3.32734e+02    2.10872e-01

           Step           Time
         260000     2600.00000

   Energies (kJ/mol)
           Bond        LJ (SR)   Coulomb (SR)      Potential    Kinetic En.
    2.68081e+02    4.19802e+01    4.70773e-02    3.10108e+02    6.69035e+02
   Total Energy    Temperature Pressure (bar)
    9.79143e+02    2.91545e+02   -1.30828e-01

           Step           Time
         280000     2800.00000

   Energies (kJ/mol)
           Bond        LJ (SR)   Coulomb (SR)      Potential    Kinetic En.
    2.03173e+02    5.11357e+01    1.21840e-01    2.54430e+02    7.56599e+02
   Total Energy    Temperature Pressure (bar)
    1.01103e+03    3.29703e+02    5.77262e-01

           Step           Time
         300000     3000.00000

   Energies (kJ/mol)
           Bond        LJ (SR)   Coulomb (SR)      Potential    Kinetic En.
    2.56219e+02    6.00001e+01    4.77326e-02    3.16267e+02    7.28850e+02
   Total Energy    Temperature Pressure (bar)
    1.04512e+03    3.17611e+02    3.04504e-01

           Step           Time
         320000     3200.00000

   Energies (kJ/mol)
           Bond        LJ (SR)   Coulomb (SR)      Potential    Kinetic En.
    2.66496e+02    3.72655e+01    2.01889e-01    3.03963e+02    6.67246e+02
   Total Energy    Temperature Pressure (bar)
    9.71209e+02    2.90765e+02   -2.40423e-01

           Step           Time
         340000     3400.00000

   Energies (kJ/mol)
           Bond        LJ (SR)   Coulomb (SR)      Potential    Kinetic En.
    2.83177e+02    2.61883e+01    2.47373e-01    3.09613e+02    6.25403e+02
   Total Energy    Temperature Pressure (bar)
    9.35016e+02    2.72532e+02    6.56061e-03

           Step           Time
         360000     3600.00000

   Energies (kJ/mol)
           Bond        LJ (SR)   Coulomb (SR)      Potential    Kinetic En.
    2.72151e+02    4.55968e+01    3.88289e-02    3.17786e+02    6.79989e+02
   Total Energy    Temperature Pressure (bar)
    9.97775e+02    2.96318e+02   -4.10125e-01

           Step           Time
         380000     3800.00000

   Energies (kJ/mol)
           Bond        LJ (SR)   Coulomb (SR)      Potential    Kinetic En.
    2.73653e+02    2.59984e+01    8.22926e-02    2.99733e+02    7.08261e+02
   Total Energy    Temperature Pressure (bar)
    1.00799e+03    3.08639e+02   -5.72308e-02

           Step           Time
         400000     4000.00000

Writing checkpoint, step 400000 at Fri Oct 25 16:07:25 2019


   Energies (kJ/mol)
           Bond        LJ (SR)   Coulomb (SR)      Potential    Kinetic En.
    2.55277e+02    4.30584e+01    1.13868e-01    2.98449e+02    7.60220e+02
   Total Energy    Temperature Pressure (bar)
    1.05867e+03    3.31281e+02    8.97759e-02

	<======  ###############  ==>
	<====  A V E R A G E S  ====>
	<==  ###############  ======>

	Statistics over 400001 steps using 4001 frames

   Energies (kJ/mol)
           Bond        LJ (SR)   Coulomb (SR)      Potential    Kinetic En.
    2.48945e+02    4.73714e+01    1.13909e-01    2.96430e+02    6.90734e+02
   Total Energy    Temperature Pressure (bar)
    9.87164e+02    3.01001e+02    3.34822e-03

   Total Virial (kJ/mol)
    2.29126e+02   -2.52641e-01    9.06763e-01
   -2.52640e-01    2.29001e+02   -7.55546e-01
    9.06763e-01   -7.55543e-01    2.30188e+02

   Pressure (bar)
    3.61730e-03    3.04900e-03   -3.33890e-03
    3.04900e-03    5.20421e-03    4.27818e-03
   -3.33891e-03    4.27816e-03    1.22314e-03


	M E G A - F L O P S   A C C O U N T I N G

 NB=Group-cutoff nonbonded kernels    NxN=N-by-N cluster Verlet kernels
 RF=Reaction-Field  VdW=Van der Waals  QSTab=quadratic-spline table
 W3=SPC/TIP3p  W4=TIP4p (single or pairs)
 V&F=Potential and force  V=Potential only  F=Force only

 Computing:                               M-Number         M-Flops  % Flops
-----------------------------------------------------------------------------
 NB VdW [V&F]                           712.579334         712.579     1.0
 NB VdW [F]                           60617.616514       60617.617    86.7
 NB VdW & Elec. [V&F]                     4.809202           4.809     0.0
 NB VdW & Elec. [F]                     398.376000         398.376     0.6
 NS-Pairs                               128.080842        2689.698     3.8
 Reset In Box                             3.700185          11.101     0.0
 Shift-X                                148.000370         888.002     1.3
 CG-CoM                                   3.700185          11.101     0.0
 Bonds                                   73.600184        4342.411     6.2
 Virial                                   0.920230          16.564     0.0
 Stop-CM                                  0.740370           7.404     0.0
 Calc-Ekin                                7.400370         199.810     0.3
-----------------------------------------------------------------------------
 Total                                                   69899.471   100.0
-----------------------------------------------------------------------------


     R E A L   C Y C L E   A N D   T I M E   A C C O U N T I N G

On 1 MPI rank

 Computing:          Num   Num      Call    Wall time         Giga-Cycles
                     Ranks Threads  Count      (s)         total sum    %
-----------------------------------------------------------------------------
 Neighbor search        1    1      20001       3.935          9.051   8.7
 Force                  1    1     400001      15.649         35.992  34.4
 Write traj.            1    1        201      19.065         43.850  42.0
 Update                 1    1     400001       3.902          8.975   8.6
 Rest                                           2.887          6.639   6.4
-----------------------------------------------------------------------------
 Total                                         45.438        104.508 100.0
-----------------------------------------------------------------------------

               Core t (s)   Wall t (s)        (%)
       Time:       45.438       45.438      100.0
                 (ns/day)    (hour/ns)
Performance:     7606.052        0.003
Finished mdrun on rank 0 Fri Oct 25 16:07:32 2019
